#
# There is insufficient memory for the Java Runtime Environment to continue.
# Cannot create worker GC thread. Out of system resources.
# Possible reasons:
#   The system is out of physical RAM or swap space
#   The process is running with CompressedOops enabled, and the Java Heap may be blocking the growth of the native heap
# Possible solutions:
#   Reduce memory load on the system
#   Increase physical memory or swap space
#   Check if swap backing store is full
#   Decrease Java heap size (-Xmx/-Xms)
#   Decrease number of Java threads
#   Decrease Java thread stack sizes (-Xss)
#   Set larger code cache with -XX:ReservedCodeCacheSize=
#   JVM is running with Unscaled Compressed Oops mode in which the Java heap is
#     placed in the first 4GB address space. The Java Heap base address is the
#     maximum limit for the native heap growth. Please use -XX:HeapBaseMinAddress
#     to set the Java Heap base and to place the Java Heap above 4GB virtual address.
# This output file may be truncated or incomplete.
#
#  Out of Memory Error (workerManager.hpp:70), pid=20354, tid=24935
#
# JRE version:  (11.0.16+8) (build )
# Java VM: OpenJDK 64-Bit Server VM (11.0.16+8-post-Debian-1deb11u1, mixed mode, sharing, tiered, compressed oops, g1 gc, linux-amd64)
# Core dump will be written. Default location: /app/core.20354
#

---------------  S U M M A R Y ------------

Command Line: -XX:+IgnoreUnrecognizedVMOptions --add-opens=java.desktop/javax.imageio.stream=ALL-UNNAMED --add-opens=java.base/java.io=ALL-UNNAMED -Djava.library.path=/dcm4che-5.28.0/lib/linux-x86-64 org.dcm4che3.tool.storescu.StoreSCU -c AE Title@192.168.200.45:4242 -b CSTM /app/decompressed/B9645C7A4BD44B728C9B464335B32911

Host: Intel(R) Xeon(R) CPU           E5506  @ 2.13GHz, 4 cores, 2G, Debian GNU/Linux 11 (bullseye)
Time: Tue Oct 25 16:05:46 2022 UTC elapsed time: 1595.709003 seconds (0d 0h 26m 35s)

---------------  T H R E A D  ---------------

Current thread (0x00007f9f8c016000):  JavaThread "Unknown thread" [_thread_in_vm, id=24935, stack(0x00007f9f92599000,0x00007f9f9269a000)]

Stack: [0x00007f9f92599000,0x00007f9f9269a000],  sp=0x00007f9f92698630,  free space=1021k
Native frames: (J=compiled Java code, A=aot compiled Java code, j=interpreted, Vv=VM code, C=native code)
V  [libjvm.so+0xe6b865]
V  [libjvm.so+0xe6c65d]
V  [libjvm.so+0x672126]
V  [libjvm.so+0xe98c81]
V  [libjvm.so+0x73bcd1]
V  [libjvm.so+0x72fd0a]
V  [libjvm.so+0xe29ac2]
V  [libjvm.so+0xe29d86]
V  [libjvm.so+0x82f768]
V  [libjvm.so+0xe032db]
V  [libjvm.so+0x8dd751]  JNI_CreateJavaVM+0x51
C  [libjli.so+0x489d]
C  [libjli.so+0x95d9]


---------------  P R O C E S S  ---------------

Threads class SMR info:
_java_thread_list=0x00005579f828b530, length=0, elements={
}

Java Threads: ( => current thread )

Other Threads:

=>0x00007f9f8c016000 (exited) JavaThread "Unknown thread" [_thread_in_vm, id=24935, stack(0x00007f9f92599000,0x00007f9f9269a000)]

Threads with active compile tasks:

VM state:not at safepoint (not fully initialized)

VM Mutex/Monitor currently owned by a thread: None


[error occurred during error reporting (printing compressed oops mode), id 0xb, SIGSEGV (0xb) at pc=0x00007f9f937ed4a4]

GC Heap History (0 events):
No events

Deoptimization events (0 events):
No events

Classes redefined (0 events):
No events

Internal exceptions (0 events):
No events

Events (2 events):
Event: 257.304 Protecting memory [0x00007f9f92599000,0x00007f9f9259d000] with protection modes 0
Event: 1235.394 Loaded shared library /usr/lib/jvm/java-11-openjdk-amd64/lib/libzip.so


Dynamic libraries:
5579f66f1000-5579f66f2000 r--p 00000000 00:2a 544803                     /usr/lib/jvm/java-11-openjdk-amd64/bin/java
5579f66f2000-5579f66f3000 r-xp 00001000 00:2a 544803                     /usr/lib/jvm/java-11-openjdk-amd64/bin/java
5579f66f3000-5579f66f4000 r--p 00002000 00:2a 544803                     /usr/lib/jvm/java-11-openjdk-amd64/bin/java
5579f66f4000-5579f66f5000 r--p 00002000 00:2a 544803                     /usr/lib/jvm/java-11-openjdk-amd64/bin/java
5579f66f5000-5579f66f6000 rw-p 00003000 00:2a 544803                     /usr/lib/jvm/java-11-openjdk-amd64/bin/java
5579f8273000-5579f8294000 rw-p 00000000 00:00 0                          [heap]
7f9f74811000-7f9f74a81000 rwxp 00000000 00:00 0 
7f9f74a81000-7f9f74da1000 ---p 00000000 00:00 0 
7f9f74da1000-7f9f75011000 rwxp 00000000 00:00 0 
7f9f75011000-7f9f7c2d9000 ---p 00000000 00:00 0 
7f9f7c2d9000-7f9f7c549000 rwxp 00000000 00:00 0 
7f9f7c549000-7f9f83811000 ---p 00000000 00:00 0 
7f9f83811000-7f9f8c000000 r--s 00000000 00:2a 545104                     /usr/lib/jvm/java-11-openjdk-amd64/lib/modules
7f9f8c000000-7f9f8c038000 rw-p 00000000 00:00 0 
7f9f8c038000-7f9f90000000 ---p 00000000 00:00 0 
7f9f92241000-7f9f92242000 ---p 00000000 00:00 0 
7f9f92242000-7f9f92348000 rw-p 00000000 00:00 0 
7f9f92348000-7f9f9242e000 ---p 00000000 00:00 0 
7f9f9242e000-7f9f92433000 rw-p 00000000 00:00 0 
7f9f92433000-7f9f92519000 ---p 00000000 00:00 0 
7f9f92519000-7f9f9251e000 rw-p 00000000 00:00 0 
7f9f9251e000-7f9f92525000 ---p 00000000 00:00 0 
7f9f92525000-7f9f92527000 r--p 00000000 00:2a 545103                     /usr/lib/jvm/java-11-openjdk-amd64/lib/libzip.so
7f9f92527000-7f9f9252b000 r-xp 00002000 00:2a 545103                     /usr/lib/jvm/java-11-openjdk-amd64/lib/libzip.so
7f9f9252b000-7f9f9252d000 r--p 00006000 00:2a 545103                     /usr/lib/jvm/java-11-openjdk-amd64/lib/libzip.so
7f9f9252d000-7f9f9252e000 r--p 00007000 00:2a 545103                     /usr/lib/jvm/java-11-openjdk-amd64/lib/libzip.so
7f9f9252e000-7f9f9252f000 rw-p 00008000 00:2a 545103                     /usr/lib/jvm/java-11-openjdk-amd64/lib/libzip.so
7f9f9252f000-7f9f92532000 r--p 00000000 00:2a 668196                     /lib/x86_64-linux-gnu/libnss_files-2.31.so
7f9f92532000-7f9f92539000 r-xp 00003000 00:2a 668196                     /lib/x86_64-linux-gnu/libnss_files-2.31.so
7f9f92539000-7f9f9253b000 r--p 0000a000 00:2a 668196                     /lib/x86_64-linux-gnu/libnss_files-2.31.so
7f9f9253b000-7f9f9253c000 r--p 0000b000 00:2a 668196                     /lib/x86_64-linux-gnu/libnss_files-2.31.so
7f9f9253c000-7f9f9253d000 rw-p 0000c000 00:2a 668196                     /lib/x86_64-linux-gnu/libnss_files-2.31.so
7f9f9253d000-7f9f92543000 rw-p 00000000 00:00 0 
7f9f92548000-7f9f92550000 rw-s 00000000 00:2a 656369                     /tmp/hsperfdata_root/20354
7f9f92550000-7f9f9255e000 r--p 00000000 00:2a 545081                     /usr/lib/jvm/java-11-openjdk-amd64/lib/libjava.so
7f9f9255e000-7f9f92573000 r-xp 0000e000 00:2a 545081                     /usr/lib/jvm/java-11-openjdk-amd64/lib/libjava.so
7f9f92573000-7f9f9257a000 r--p 00023000 00:2a 545081                     /usr/lib/jvm/java-11-openjdk-amd64/lib/libjava.so
7f9f9257a000-7f9f9257b000 r--p 00029000 00:2a 545081                     /usr/lib/jvm/java-11-openjdk-amd64/lib/libjava.so
7f9f9257b000-7f9f9257c000 rw-p 0002a000 00:2a 545081                     /usr/lib/jvm/java-11-openjdk-amd64/lib/libjava.so
7f9f9257c000-7f9f9257d000 rw-p 00000000 00:00 0 
7f9f9257d000-7f9f92582000 r--p 00000000 00:2a 545102                     /usr/lib/jvm/java-11-openjdk-amd64/lib/libverify.so
7f9f92582000-7f9f92589000 r-xp 00005000 00:2a 545102                     /usr/lib/jvm/java-11-openjdk-amd64/lib/libverify.so
7f9f92589000-7f9f9258b000 r--p 0000c000 00:2a 545102                     /usr/lib/jvm/java-11-openjdk-amd64/lib/libverify.so
7f9f9258b000-7f9f9258c000 ---p 0000e000 00:2a 545102                     /usr/lib/jvm/java-11-openjdk-amd64/lib/libverify.so
7f9f9258c000-7f9f9258e000 r--p 0000e000 00:2a 545102                     /usr/lib/jvm/java-11-openjdk-amd64/lib/libverify.so
7f9f9258e000-7f9f9258f000 rw-p 00010000 00:2a 545102                     /usr/lib/jvm/java-11-openjdk-amd64/lib/libverify.so
7f9f9258f000-7f9f92591000 r--p 00000000 00:2a 668213                     /lib/x86_64-linux-gnu/librt-2.31.so
7f9f92591000-7f9f92595000 r-xp 00002000 00:2a 668213                     /lib/x86_64-linux-gnu/librt-2.31.so
7f9f92595000-7f9f92597000 r--p 00006000 00:2a 668213                     /lib/x86_64-linux-gnu/librt-2.31.so
7f9f92597000-7f9f92598000 r--p 00007000 00:2a 668213                     /lib/x86_64-linux-gnu/librt-2.31.so
7f9f92598000-7f9f92599000 rw-p 00008000 00:2a 668213                     /lib/x86_64-linux-gnu/librt-2.31.so
7f9f92599000-7f9f9259d000 ---p 00000000 00:00 0 
7f9f9259d000-7f9f9269a000 rw-p 00000000 00:00 0 
7f9f9269a000-7f9f9269d000 r--p 00000000 00:2a 668178                     /lib/x86_64-linux-gnu/libgcc_s.so.1
7f9f9269d000-7f9f926ae000 r-xp 00003000 00:2a 668178                     /lib/x86_64-linux-gnu/libgcc_s.so.1
7f9f926ae000-7f9f926b2000 r--p 00014000 00:2a 668178                     /lib/x86_64-linux-gnu/libgcc_s.so.1
7f9f926b2000-7f9f926b3000 r--p 00017000 00:2a 668178                     /lib/x86_64-linux-gnu/libgcc_s.so.1
7f9f926b3000-7f9f926b4000 rw-p 00018000 00:2a 668178                     /lib/x86_64-linux-gnu/libgcc_s.so.1
7f9f926b4000-7f9f926c1000 r--p 00000000 00:2a 668185                     /lib/x86_64-linux-gnu/libm-2.31.so
7f9f926c1000-7f9f9275b000 r-xp 0000d000 00:2a 668185                     /lib/x86_64-linux-gnu/libm-2.31.so
7f9f9275b000-7f9f927f6000 r--p 000a7000 00:2a 668185                     /lib/x86_64-linux-gnu/libm-2.31.so
7f9f927f6000-7f9f927f7000 r--p 00141000 00:2a 668185                     /lib/x86_64-linux-gnu/libm-2.31.so
7f9f927f7000-7f9f927f8000 rw-p 00142000 00:2a 668185                     /lib/x86_64-linux-gnu/libm-2.31.so
7f9f927f8000-7f9f9288e000 r--p 00000000 00:2a 668940                     /usr/lib/x86_64-linux-gnu/libstdc++.so.6.0.28
7f9f9288e000-7f9f9296a000 r-xp 00096000 00:2a 668940                     /usr/lib/x86_64-linux-gnu/libstdc++.so.6.0.28
7f9f9296a000-7f9f929b4000 r--p 00172000 00:2a 668940                     /usr/lib/x86_64-linux-gnu/libstdc++.so.6.0.28
7f9f929b4000-7f9f929bf000 r--p 001bb000 00:2a 668940                     /usr/lib/x86_64-linux-gnu/libstdc++.so.6.0.28
7f9f929bf000-7f9f929c2000 rw-p 001c6000 00:2a 668940                     /usr/lib/x86_64-linux-gnu/libstdc++.so.6.0.28
7f9f929c2000-7f9f929c5000 rw-p 00000000 00:00 0 
7f9f929c5000-7f9f92c47000 r--p 00000000 00:2a 680910                     /usr/lib/jvm/java-11-openjdk-amd64/lib/server/libjvm.so
7f9f92c47000-7f9f938a3000 r-xp 00282000 00:2a 680910                     /usr/lib/jvm/java-11-openjdk-amd64/lib/server/libjvm.so
7f9f938a3000-7f9f93b04000 r--p 00ede000 00:2a 680910                     /usr/lib/jvm/java-11-openjdk-amd64/lib/server/libjvm.so
7f9f93b04000-7f9f93bc8000 r--p 0113e000 00:2a 680910                     /usr/lib/jvm/java-11-openjdk-amd64/lib/server/libjvm.so
7f9f93bc8000-7f9f93c03000 rw-p 01202000 00:2a 680910                     /usr/lib/jvm/java-11-openjdk-amd64/lib/server/libjvm.so
7f9f93c03000-7f9f93c5c000 rw-p 00000000 00:00 0 
7f9f93c5c000-7f9f93c62000 r--p 00000000 00:2a 668209                     /lib/x86_64-linux-gnu/libpthread-2.31.so
7f9f93c62000-7f9f93c72000 r-xp 00006000 00:2a 668209                     /lib/x86_64-linux-gnu/libpthread-2.31.so
7f9f93c72000-7f9f93c78000 r--p 00016000 00:2a 668209                     /lib/x86_64-linux-gnu/libpthread-2.31.so
7f9f93c78000-7f9f93c79000 r--p 0001b000 00:2a 668209                     /lib/x86_64-linux-gnu/libpthread-2.31.so
7f9f93c79000-7f9f93c7a000 rw-p 0001c000 00:2a 668209                     /lib/x86_64-linux-gnu/libpthread-2.31.so
7f9f93c7a000-7f9f93c7e000 rw-p 00000000 00:00 0 
7f9f93c7e000-7f9f93c7f000 r--p 00000000 00:2a 668172                     /lib/x86_64-linux-gnu/libdl-2.31.so
7f9f93c7f000-7f9f93c81000 r-xp 00001000 00:2a 668172                     /lib/x86_64-linux-gnu/libdl-2.31.so
7f9f93c81000-7f9f93c82000 r--p 00003000 00:2a 668172                     /lib/x86_64-linux-gnu/libdl-2.31.so
7f9f93c82000-7f9f93c83000 r--p 00003000 00:2a 668172                     /lib/x86_64-linux-gnu/libdl-2.31.so
7f9f93c83000-7f9f93c84000 rw-p 00004000 00:2a 668172                     /lib/x86_64-linux-gnu/libdl-2.31.so
7f9f93c84000-7f9f93c87000 r--p 00000000 00:2a 668228                     /lib/x86_64-linux-gnu/libz.so.1.2.11
7f9f93c87000-7f9f93c98000 r-xp 00003000 00:2a 668228                     /lib/x86_64-linux-gnu/libz.so.1.2.11
7f9f93c98000-7f9f93c9e000 r--p 00014000 00:2a 668228                     /lib/x86_64-linux-gnu/libz.so.1.2.11
7f9f93c9e000-7f9f93c9f000 ---p 0001a000 00:2a 668228                     /lib/x86_64-linux-gnu/libz.so.1.2.11
7f9f93c9f000-7f9f93ca0000 r--p 0001a000 00:2a 668228                     /lib/x86_64-linux-gnu/libz.so.1.2.11
7f9f93ca0000-7f9f93ca1000 rw-p 0001b000 00:2a 668228                     /lib/x86_64-linux-gnu/libz.so.1.2.11
7f9f93ca1000-7f9f93cc3000 r--p 00000000 00:2a 668163                     /lib/x86_64-linux-gnu/libc-2.31.so
7f9f93cc3000-7f9f93e1d000 r-xp 00022000 00:2a 668163                     /lib/x86_64-linux-gnu/libc-2.31.so
7f9f93e1d000-7f9f93e6c000 r--p 0017c000 00:2a 668163                     /lib/x86_64-linux-gnu/libc-2.31.so
7f9f93e6c000-7f9f93e70000 r--p 001ca000 00:2a 668163                     /lib/x86_64-linux-gnu/libc-2.31.so
7f9f93e70000-7f9f93e72000 rw-p 001ce000 00:2a 668163                     /lib/x86_64-linux-gnu/libc-2.31.so
7f9f93e72000-7f9f93e76000 rw-p 00000000 00:00 0 
7f9f93e76000-7f9f93e78000 r--s 0000c000 00:2a 289027                     /usr/share/java/java-atk-wrapper.jar
7f9f93e78000-7f9f93e79000 ---p 00000000 00:00 0 
7f9f93e79000-7f9f93e7a000 r--p 00000000 00:00 0 
7f9f93e7a000-7f9f93e7c000 r--p 00000000 00:2a 545085                     /usr/lib/jvm/java-11-openjdk-amd64/lib/libjimage.so
7f9f93e7c000-7f9f93e7f000 r-xp 00002000 00:2a 545085                     /usr/lib/jvm/java-11-openjdk-amd64/lib/libjimage.so
7f9f93e7f000-7f9f93e80000 r--p 00005000 00:2a 545085                     /usr/lib/jvm/java-11-openjdk-amd64/lib/libjimage.so
7f9f93e80000-7f9f93e81000 ---p 00006000 00:2a 545085                     /usr/lib/jvm/java-11-openjdk-amd64/lib/libjimage.so
7f9f93e81000-7f9f93e82000 r--p 00006000 00:2a 545085                     /usr/lib/jvm/java-11-openjdk-amd64/lib/libjimage.so
7f9f93e82000-7f9f93e83000 rw-p 00007000 00:2a 545085                     /usr/lib/jvm/java-11-openjdk-amd64/lib/libjimage.so
7f9f93e83000-7f9f93e86000 r--p 00000000 00:2a 545063                     /usr/lib/jvm/java-11-openjdk-amd64/lib/jli/libjli.so
7f9f93e86000-7f9f93e90000 r-xp 00003000 00:2a 545063                     /usr/lib/jvm/java-11-openjdk-amd64/lib/jli/libjli.so
7f9f93e90000-7f9f93e93000 r--p 0000d000 00:2a 545063                     /usr/lib/jvm/java-11-openjdk-amd64/lib/jli/libjli.so
7f9f93e93000-7f9f93e94000 ---p 00010000 00:2a 545063                     /usr/lib/jvm/java-11-openjdk-amd64/lib/jli/libjli.so
7f9f93e94000-7f9f93e95000 r--p 00010000 00:2a 545063                     /usr/lib/jvm/java-11-openjdk-amd64/lib/jli/libjli.so
7f9f93e95000-7f9f93e96000 rw-p 00011000 00:2a 545063                     /usr/lib/jvm/java-11-openjdk-amd64/lib/jli/libjli.so
7f9f93e96000-7f9f93e98000 rw-p 00000000 00:00 0 
7f9f93e98000-7f9f93e99000 r--p 00000000 00:2a 668151                     /lib/x86_64-linux-gnu/ld-2.31.so
7f9f93e99000-7f9f93eb9000 r-xp 00001000 00:2a 668151                     /lib/x86_64-linux-gnu/ld-2.31.so
7f9f93eb9000-7f9f93ec1000 r--p 00021000 00:2a 668151                     /lib/x86_64-linux-gnu/ld-2.31.so
7f9f93ec2000-7f9f93ec3000 r--p 00029000 00:2a 668151                     /lib/x86_64-linux-gnu/ld-2.31.so
7f9f93ec3000-7f9f93ec4000 rw-p 0002a000 00:2a 668151                     /lib/x86_64-linux-gnu/ld-2.31.so
7f9f93ec4000-7f9f93ec5000 rw-p 00000000 00:00 0 
7fff38c25000-7fff38c46000 rw-p 00000000 00:00 0                          [stack]
7fff38cd3000-7fff38cd7000 r--p 00000000 00:00 0                          [vvar]
7fff38cd7000-7fff38cd9000 r-xp 00000000 00:00 0                          [vdso]
ffffffffff600000-ffffffffff601000 --xp 00000000 00:00 0                  [vsyscall]


VM Arguments:
jvm_args: -XX:+IgnoreUnrecognizedVMOptions --add-opens=java.desktop/javax.imageio.stream=ALL-UNNAMED --add-opens=java.base/java.io=ALL-UNNAMED -Djava.library.path=/dcm4che-5.28.0/lib/linux-x86-64 
java_command: org.dcm4che3.tool.storescu.StoreSCU -c AE Title@192.168.200.45:4242 -b CSTM /app/decompressed/B9645C7A4BD44B728C9B464335B32911
java_class_path (initial): /dcm4che-5.28.0/etc/storescu/:/dcm4che-5.28.0/etc/certs/:/dcm4che-5.28.0/lib/dcm4che-tool-storescu-5.28.0.jar:/dcm4che-5.28.0/lib/dcm4che-core-5.28.0.jar:/dcm4che-5.28.0/lib/dcm4che-net-5.28.0.jar:/dcm4che-5.28.0/lib/dcm4che-image-5.28.0.jar:/dcm4che-5.28.0/lib/dcm4che-imageio-5.28.0.jar:/dcm4che-5.28.0/lib/dcm4che-imageio-opencv-5.28.0.jar:/dcm4che-5.28.0/lib/dcm4che-imageio-rle-5.28.0.jar:/dcm4che-5.28.0/lib/dcm4che-tool-common-5.28.0.jar:/dcm4che-5.28.0/lib/weasis-core-img-4.5.5.jar:/dcm4che-5.28.0/lib/jai_imageio-1.2-pre-dr-b04.jar:/dcm4che-5.28.0/lib/clibwrapper_jiio-1.2-pre-dr-b04.jar:/dcm4che-5.28.0/lib/slf4j-api-1.7.32.jar:/dcm4che-5.28.0/lib/logback-core-1.2.9.jar:/dcm4che-5.28.0/lib/logback-classic-1.2.9.jar:/dcm4che-5.28.0/lib/commons-cli-1.4.jar
Launcher Type: SUN_STANDARD

[Global flags]
     intx CICompilerCount                          = 3                                         {product} {ergonomic}
     uint G1ConcRefinementThreads                  = 4                                         {product} {ergonomic}
   size_t G1HeapRegionSize                         = 1048576                                   {product} {ergonomic}
    uintx GCDrainStackTargetSize                   = 64                                        {product} {ergonomic}
     bool IgnoreUnrecognizedVMOptions              = true                                      {product} {command line}
   size_t InitialHeapSize                          = 39845888                                  {product} {ergonomic}
   size_t MaxHeapSize                              = 637534208                                 {product} {ergonomic}
   size_t MinHeapDeltaBytes                        = 1048576                                   {product} {ergonomic}
    uintx NonNMethodCodeHeapSize                   = 5830732                                {pd product} {ergonomic}
    uintx NonProfiledCodeHeapSize                  = 122913754                              {pd product} {ergonomic}
    uintx ProfiledCodeHeapSize                     = 122913754                              {pd product} {ergonomic}
    uintx ReservedCodeCacheSize                    = 251658240                              {pd product} {ergonomic}
     bool SegmentedCodeCache                       = true                                      {product} {ergonomic}
     bool UseCompressedClassPointers               = true                                 {lp64_product} {ergonomic}
     bool UseCompressedOops                        = true                                 {lp64_product} {ergonomic}
     bool UseG1GC                                  = true                                      {product} {ergonomic}

Logging:
Log output configuration:
 #0: stdout all=warning uptime,level,tags
 #1: stderr all=off uptime,level,tags

Environment Variables:
PATH=/usr/local/lib/erlang/erts-12.3.2.5/bin:/usr/local/lib/erlang/bin:/dcm4che-5.28.0/bin:/usr/local/sbin:/usr/local/bin:/usr/sbin:/usr/bin:/sbin:/bin
LANG=C.UTF-8

Signal Handlers:
SIGSEGV: [libjvm.so+0xe6c6b0], sa_mask[0]=11111111011111111101111111111110, sa_flags=SA_RESTART|SA_SIGINFO
SIGBUS: [libjvm.so+0xe6c6b0], sa_mask[0]=11111111011111111101111111111110, sa_flags=SA_RESTART|SA_SIGINFO
SIGFPE: [libjvm.so+0xe6c6b0], sa_mask[0]=11111111011111111101111111111110, sa_flags=SA_RESTART|SA_SIGINFO
SIGPIPE: [libjvm.so+0xbbd850], sa_mask[0]=11111111011111111101111111111110, sa_flags=SA_RESTART|SA_SIGINFO
SIGXFSZ: [libjvm.so+0xbbd850], sa_mask[0]=11111111011111111101111111111110, sa_flags=SA_RESTART|SA_SIGINFO
SIGILL: [libjvm.so+0xe6c6b0], sa_mask[0]=11111111011111111101111111111110, sa_flags=SA_RESTART|SA_SIGINFO
SIGUSR2: [libjvm.so+0xbbd6f0], sa_mask[0]=00000000000000000000000000000000, sa_flags=SA_RESTART|SA_SIGINFO
SIGHUP: SIG_DFL, sa_mask[0]=00000000000000000000000000000000, sa_flags=none
SIGINT: SIG_DFL, sa_mask[0]=00000000000000000000000000000000, sa_flags=none
SIGTERM: SIG_DFL, sa_mask[0]=00000000000000000000000000000000, sa_flags=none
SIGQUIT: SIG_DFL, sa_mask[0]=00000000000000000000000000000000, sa_flags=none


---------------  S Y S T E M  ---------------

OS:PRETTY_NAME="Debian GNU/Linux 11 (bullseye)"
NAME="Debian GNU/Linux"
VERSION_ID="11"
VERSION="11 (bullseye)"
VERSION_CODENAME=bullseye
ID=debian
HOME_URL="https://www.debian.org/"
SUPPORT_URL="https://www.debian.org/support"
BUG_REPORT_URL="https://bugs.debian.org/"
uname:Linux 5.15.0-52-generic #58-Ubuntu SMP Thu Oct 13 08:03:55 UTC 2022 x86_64
OS uptime: 0 days 1:37 hours
libc:glibc 2.31 NPTL 2.31 
rlimit (soft/hard): STACK 8192k/infinity , CORE infinity/infinity , NPROC infinity/infinity , NOFILE 1048576/1048576 , AS infinity/infinity , CPU infinity/infinity , DATA infinity/infinity , FSIZE infinity/infinity , MEMLOCK 64k/64k
load average:431.56 442.82 456.29

/proc/meminfo:
MemTotal:        2490200 kB
MemFree:           89964 kB
MemAvailable:      30504 kB
Buffers:            3100 kB
Cached:            88412 kB
SwapCached:       208600 kB
Active:           398596 kB
Inactive:        1542164 kB
Active(anon):     353620 kB
Inactive(anon):  1509600 kB
Active(file):      44976 kB
Inactive(file):    32564 kB
Unevictable:       27624 kB
Mlocked:           27624 kB
SwapTotal:       2097148 kB
SwapFree:          73208 kB
Dirty:              2456 kB
Writeback:          1664 kB
AnonPages:       1703976 kB
Mapped:            63788 kB
Shmem:              5116 kB
KReclaimable:      37464 kB
Slab:             168884 kB
SReclaimable:      37464 kB
SUnreclaim:       131420 kB
KernelStack:       65024 kB
PageTables:        81876 kB
NFS_Unstable:          0 kB
Bounce:                0 kB
WritebackTmp:          0 kB
CommitLimit:     3342248 kB
Committed_AS:   27383156 kB
VmallocTotal:   34359738367 kB
VmallocUsed:       93476 kB
VmallocChunk:          0 kB
Percpu:            36864 kB
HardwareCorrupted:     0 kB
AnonHugePages:         0 kB
ShmemHugePages:        0 kB
ShmemPmdMapped:        0 kB
FileHugePages:         0 kB
FilePmdMapped:         0 kB
HugePages_Total:       0
HugePages_Free:        0
HugePages_Rsvd:        0
HugePages_Surp:        0
Hugepagesize:       2048 kB
Hugetlb:               0 kB
DirectMap4k:      348160 kB
DirectMap2M:     3837952 kB

/sys/kernel/mm/transparent_hugepage/enabled:
always [madvise] never
/sys/kernel/mm/transparent_hugepage/defrag (defrag/compaction efforts parameter):
always defer defer+madvise [madvise] never

Process Memory:
Virtual Size: 479976K (peak: 479976K)
Resident Set Size: 5568K (peak: 11516K) (anon: 1176K, file: 4392K, shmem: 0K)
Swapped out: 684K
C-Heap outstanding allocations: 322K, retained: 57K
glibc malloc tunables: (default)

/proc/sys/kernel/threads-max (system-wide limit on the number of threads):
30308
/proc/sys/vm/max_map_count (maximum number of memory map areas a process may have):
65530
/proc/sys/kernel/pid_max (system-wide limit on number of process identifiers):
4194304

container (cgroup) information:
container_type: cgroupv2
cpu_cpuset_cpus: not supported
cpu_memory_nodes: not supported
active_processor_count: 4
cpu_quota: no quota
cpu_period: 100000
cpu_shares: no shares
memory_limit_in_bytes: unlimited
memory_and_swap_limit_in_bytes: unlimited
memory_soft_limit_in_bytes: unlimited
memory_usage_in_bytes: 2168942592
memory_max_usage_in_bytes: not supported

Xen hardware-assisted virtualization detected
Steal ticks since vm start: 8587
Steal ticks percentage since vm start:  0.012

CPU:total 4 (initial active 4) (2 cores per cpu, 1 threads per core) family 6 model 26 stepping 5 microcode 0x1d, cmov, cx8, fxsr, mmx, sse, sse2, sse3, ssse3, sse4.1, sse4.2, popcnt, tsc
CPU Model and flags from /proc/cpuinfo:
model name	: Intel(R) Xeon(R) CPU           E5506  @ 2.13GHz
flags		: fpu vme de pse tsc msr pae mce cx8 apic sep mtrr pge mca cmov pat pse36 clflush acpi mmx fxsr sse sse2 ht syscall nx rdtscp lm constant_tsc rep_good nopl cpuid tsc_known_freq pni ssse3 cx16 sse4_1 sse4_2 popcnt hypervisor lahf_lm cpuid_fault pti ssbd ibrs ibpb stibp flush_l1d
Online cpus:
0-3
Offline cpus:
4-63
BIOS frequency limitation:
<Not Available>
Frequency switch latency (ns):
<Not Available>
Available cpu frequencies:
<Not Available>
Current governor:
<Not Available>
Core performance/turbo boost:
<Not Available>

Memory: 4k page, physical 2490204k(89964k free), swap 2097148k(73208k free)

vm_info: OpenJDK 64-Bit Server VM (11.0.16+8-post-Debian-1deb11u1) for linux-amd64 JRE (11.0.16+8-post-Debian-1deb11u1), built on Jul 20 2022 22:37:35 by "unknown" with gcc 10.2.1 20210110

END.
